mode: count
go-pano/domain/service/clinic/clinic_service.go:18.70,20.2 1 0
go-pano/domain/service/clinic/clinic_service.go:27.56,29.16 2 0
go-pano/domain/service/clinic/clinic_service.go:33.2,33.20 1 0
go-pano/domain/service/clinic/clinic_service.go:29.16,31.3 1 0
go-pano/domain/service/clinic/clinic_service.go:36.71,38.86 1 0
go-pano/domain/service/clinic/clinic_service.go:42.2,42.12 1 0
go-pano/domain/service/clinic/clinic_service.go:38.86,40.3 1 0
go-pano/domain/service/clinic/clinic_service.go:45.71,46.59 1 0
go-pano/domain/service/clinic/clinic_service.go:50.2,50.12 1 0
go-pano/domain/service/clinic/clinic_service.go:46.59,48.3 1 0
go-pano/domain/service/clinic/clinic_service.go:53.75,55.91 1 0
go-pano/domain/service/clinic/clinic_service.go:59.2,59.12 1 0
go-pano/domain/service/clinic/clinic_service.go:55.91,57.3 1 0
go-pano/domain/repository/user/user_repository.go:21.62,23.2 1 0
go-pano/domain/repository/user/user_repository.go:31.60,33.69 2 0
go-pano/domain/repository/user/user_repository.go:37.2,37.18 1 0
go-pano/domain/repository/user/user_repository.go:33.69,35.3 1 0
go-pano/domain/repository/user/user_repository.go:41.70,44.72 3 0
go-pano/domain/repository/user/user_repository.go:48.2,48.12 1 0
go-pano/domain/repository/user/user_repository.go:44.72,46.3 1 0
go-pano/domain/repository/user/user_repository.go:52.70,53.73 1 0
go-pano/domain/repository/user/user_repository.go:59.2,59.12 1 0
go-pano/domain/repository/user/user_repository.go:53.73,55.3 1 0
go-pano/domain/repository/user/user_repository.go:55.8,55.33 1 0
go-pano/domain/repository/user/user_repository.go:55.33,57.3 1 0
go-pano/domain/repository/user/user_repository.go:63.80,65.131 2 0
go-pano/domain/repository/user/user_repository.go:71.2,71.12 1 0
go-pano/domain/repository/user/user_repository.go:65.131,67.3 1 0
go-pano/domain/repository/user/user_repository.go:67.8,67.33 1 0
go-pano/domain/repository/user/user_repository.go:67.33,69.3 1 0
go-pano/domain/delivery/http/clinic_handler.go:20.76,25.2 3 0
go-pano/domain/delivery/http/clinic_handler.go:25.2,30.3 4 0
go-pano/domain/delivery/http/clinic_handler.go:47.48,49.16 2 0
go-pano/domain/delivery/http/clinic_handler.go:54.2,54.39 1 0
go-pano/domain/delivery/http/clinic_handler.go:49.16,52.3 2 0
go-pano/domain/delivery/http/clinic_handler.go:67.51,70.56 2 0
go-pano/domain/delivery/http/clinic_handler.go:76.2,76.81 1 0
go-pano/domain/delivery/http/clinic_handler.go:81.2,81.61 1 0
go-pano/domain/delivery/http/clinic_handler.go:86.2,86.48 1 0
go-pano/domain/delivery/http/clinic_handler.go:70.56,73.3 2 0
go-pano/domain/delivery/http/clinic_handler.go:76.81,79.3 2 0
go-pano/domain/delivery/http/clinic_handler.go:81.61,84.3 2 0
go-pano/domain/delivery/http/clinic_handler.go:99.51,102.56 2 0
go-pano/domain/delivery/http/clinic_handler.go:108.2,108.81 1 0
go-pano/domain/delivery/http/clinic_handler.go:113.2,113.61 1 0
go-pano/domain/delivery/http/clinic_handler.go:118.2,118.48 1 0
go-pano/domain/delivery/http/clinic_handler.go:102.56,105.3 2 0
go-pano/domain/delivery/http/clinic_handler.go:108.81,111.3 2 0
go-pano/domain/delivery/http/clinic_handler.go:113.61,116.3 2 0
go-pano/domain/delivery/http/clinic_handler.go:131.56,134.56 2 0
go-pano/domain/delivery/http/clinic_handler.go:139.2,139.66 1 0
go-pano/domain/delivery/http/clinic_handler.go:144.2,144.48 1 0
go-pano/domain/delivery/http/clinic_handler.go:134.56,137.3 2 0
go-pano/domain/delivery/http/clinic_handler.go:139.66,142.3 2 0
go-pano/domain/delivery/http/user_handler.go:22.70,27.2 3 0
go-pano/domain/delivery/http/user_handler.go:27.2,32.3 4 0
go-pano/domain/delivery/http/user_handler.go:49.46,51.16 2 0
go-pano/domain/delivery/http/user_handler.go:56.2,56.39 1 0
go-pano/domain/delivery/http/user_handler.go:51.16,54.3 2 0
go-pano/domain/delivery/http/user_handler.go:69.49,73.54 2 0
go-pano/domain/delivery/http/user_handler.go:78.2,78.57 1 0
go-pano/domain/delivery/http/user_handler.go:83.2,83.48 1 0
go-pano/domain/delivery/http/user_handler.go:73.54,76.3 2 0
go-pano/domain/delivery/http/user_handler.go:78.57,81.3 2 0
go-pano/domain/delivery/http/user_handler.go:96.49,100.54 2 0
go-pano/domain/delivery/http/user_handler.go:105.2,105.57 1 0
go-pano/domain/delivery/http/user_handler.go:110.2,110.48 1 0
go-pano/domain/delivery/http/user_handler.go:100.54,103.3 2 0
go-pano/domain/delivery/http/user_handler.go:105.57,108.3 2 0
go-pano/domain/delivery/http/user_handler.go:123.57,126.54 2 0
go-pano/domain/delivery/http/user_handler.go:131.2,131.65 1 0
go-pano/domain/delivery/http/user_handler.go:136.2,136.48 1 0
go-pano/domain/delivery/http/user_handler.go:126.54,129.3 2 0
go-pano/domain/delivery/http/user_handler.go:131.65,134.3 2 0
go-pano/domain/model/predict.go:34.35,36.2 1 0
go-pano/domain/service/predict/predict_service.go:27.127,29.2 1 0
go-pano/domain/service/predict/predict_service.go:48.90,51.16 2 0
go-pano/domain/service/predict/predict_service.go:55.2,56.21 2 0
go-pano/domain/service/predict/predict_service.go:60.2,65.124 2 0
go-pano/domain/service/predict/predict_service.go:75.2,81.57 4 0
go-pano/domain/service/predict/predict_service.go:87.2,87.70 1 0
go-pano/domain/service/predict/predict_service.go:92.2,93.16 2 0
go-pano/domain/service/predict/predict_service.go:97.2,104.16 6 0
go-pano/domain/service/predict/predict_service.go:108.2,108.87 1 0
go-pano/domain/service/predict/predict_service.go:112.2,112.27 1 0
go-pano/domain/service/predict/predict_service.go:51.16,53.3 1 0
go-pano/domain/service/predict/predict_service.go:56.21,58.3 1 0
go-pano/domain/service/predict/predict_service.go:65.124,67.3 1 0
go-pano/domain/service/predict/predict_service.go:67.8,67.23 1 0
go-pano/domain/service/predict/predict_service.go:67.23,69.77 2 0
go-pano/domain/service/predict/predict_service.go:72.3,72.16 1 0
go-pano/domain/service/predict/predict_service.go:69.77,71.4 1 0
go-pano/domain/service/predict/predict_service.go:81.57,83.3 1 0
go-pano/domain/service/predict/predict_service.go:87.70,89.3 1 0
go-pano/domain/service/predict/predict_service.go:93.16,95.3 1 0
go-pano/domain/service/predict/predict_service.go:104.16,106.3 1 0
go-pano/domain/service/predict/predict_service.go:108.87,110.3 1 0
go-pano/domain/service/predict/predict_service.go:116.90,120.16 2 0
go-pano/domain/service/predict/predict_service.go:124.2,130.16 5 0
go-pano/domain/service/predict/predict_service.go:134.2,134.28 1 0
go-pano/domain/service/predict/predict_service.go:138.2,142.8 1 0
go-pano/domain/service/predict/predict_service.go:120.16,122.3 1 0
go-pano/domain/service/predict/predict_service.go:130.16,132.3 1 0
go-pano/domain/service/predict/predict_service.go:134.28,136.3 1 0
go-pano/domain/repository/clinic/clinic_repository.go:19.66,21.2 1 0
go-pano/domain/repository/clinic/clinic_repository.go:29.64,33.46 2 0
go-pano/domain/repository/clinic/clinic_repository.go:37.2,37.20 1 0
go-pano/domain/repository/clinic/clinic_repository.go:33.46,35.3 1 0
go-pano/domain/repository/clinic/clinic_repository.go:41.90,47.21 1 0
go-pano/domain/repository/clinic/clinic_repository.go:51.2,51.12 1 0
go-pano/domain/repository/clinic/clinic_repository.go:47.21,49.3 1 0
go-pano/domain/repository/clinic/clinic_repository.go:55.76,56.94 1 0
go-pano/domain/repository/clinic/clinic_repository.go:62.2,62.12 1 0
go-pano/domain/repository/clinic/clinic_repository.go:56.94,58.3 1 0
go-pano/domain/repository/clinic/clinic_repository.go:58.8,58.33 1 0
go-pano/domain/repository/clinic/clinic_repository.go:58.33,60.3 1 0
go-pano/domain/repository/clinic/clinic_repository.go:66.94,67.123 1 0
go-pano/domain/repository/clinic/clinic_repository.go:73.2,73.12 1 0
go-pano/domain/repository/clinic/clinic_repository.go:67.123,69.3 1 0
go-pano/domain/repository/clinic/clinic_repository.go:69.8,69.33 1 0
go-pano/domain/repository/clinic/clinic_repository.go:69.33,71.3 1 0
go-pano/domain/service/user/user_service.go:19.69,21.2 1 0
go-pano/domain/service/user/user_service.go:28.52,30.16 2 0
go-pano/domain/service/user/user_service.go:35.2,35.31 1 0
go-pano/domain/service/user/user_service.go:45.2,45.20 1 0
go-pano/domain/service/user/user_service.go:30.16,32.3 1 0
go-pano/domain/service/user/user_service.go:35.31,37.69 2 0
go-pano/domain/service/user/user_service.go:41.3,42.31 2 0
go-pano/domain/service/user/user_service.go:37.69,40.4 2 0
go-pano/domain/service/user/user_service.go:48.65,51.16 2 0
go-pano/domain/service/user/user_service.go:54.2,57.55 2 0
go-pano/domain/service/user/user_service.go:61.2,61.12 1 0
go-pano/domain/service/user/user_service.go:51.16,53.3 1 0
go-pano/domain/service/user/user_service.go:57.55,59.3 1 0
go-pano/domain/service/user/user_service.go:64.65,67.16 2 0
go-pano/domain/service/user/user_service.go:70.2,72.55 2 0
go-pano/domain/service/user/user_service.go:76.2,76.12 1 0
go-pano/domain/service/user/user_service.go:67.16,69.3 1 0
go-pano/domain/service/user/user_service.go:72.55,74.3 1 0
go-pano/domain/service/user/user_service.go:79.75,80.63 1 0
go-pano/domain/service/user/user_service.go:84.2,84.12 1 0
go-pano/domain/service/user/user_service.go:80.63,82.3 1 0
go-pano/domain/repository/predict/predict_repository.go:19.68,21.2 1 0
go-pano/domain/repository/predict/predict_repository.go:28.104,29.138 1 0
go-pano/domain/repository/predict/predict_repository.go:33.2,33.21 1 0
go-pano/domain/repository/predict/predict_repository.go:29.138,31.3 1 0
go-pano/domain/repository/predict/predict_repository.go:37.87,40.21 2 0
go-pano/domain/repository/predict/predict_repository.go:45.2,47.21 2 0
go-pano/domain/repository/predict/predict_repository.go:40.21,42.3 1 0
go-pano/domain/repository/predict/predict_repository.go:42.8,42.33 1 0
go-pano/domain/repository/predict/predict_repository.go:42.33,44.3 1 0
go-pano/domain/model/clinic.go:28.34,30.2 1 0
go-pano/domain/model/user.go:38.32,40.2 1 0
go-pano/domain/delivery/grpc/predict_handler.go:20.79,25.2 2 0
go-pano/domain/delivery/grpc/predict_handler.go:43.52,47.80 2 0
go-pano/domain/delivery/grpc/predict_handler.go:53.2,54.16 2 0
go-pano/domain/delivery/grpc/predict_handler.go:61.2,61.40 1 0
go-pano/domain/delivery/grpc/predict_handler.go:47.80,50.3 2 0
go-pano/domain/delivery/grpc/predict_handler.go:54.16,59.3 4 0
go-pano/domain/repository/predict/predict_repository.go:19.68,21.2 1 0
go-pano/domain/repository/predict/predict_repository.go:28.104,29.138 1 0
go-pano/domain/repository/predict/predict_repository.go:33.2,33.21 1 0
go-pano/domain/repository/predict/predict_repository.go:29.138,31.3 1 0
go-pano/domain/repository/predict/predict_repository.go:37.87,40.21 2 0
go-pano/domain/repository/predict/predict_repository.go:45.2,47.21 2 0
go-pano/domain/repository/predict/predict_repository.go:40.21,42.3 1 0
go-pano/domain/repository/predict/predict_repository.go:42.8,42.33 1 0
go-pano/domain/repository/predict/predict_repository.go:42.33,44.3 1 0
go-pano/domain/delivery/grpc/predict_handler.go:20.79,25.2 2 0
go-pano/domain/delivery/grpc/predict_handler.go:43.52,47.80 2 0
go-pano/domain/delivery/grpc/predict_handler.go:53.2,54.16 2 0
go-pano/domain/delivery/grpc/predict_handler.go:61.2,61.40 1 0
go-pano/domain/delivery/grpc/predict_handler.go:47.80,50.3 2 0
go-pano/domain/delivery/grpc/predict_handler.go:54.16,59.3 4 0
go-pano/domain/delivery/http/user_handler.go:22.70,27.2 3 0
go-pano/domain/delivery/http/user_handler.go:27.2,32.3 4 0
go-pano/domain/delivery/http/user_handler.go:49.46,51.16 2 0
go-pano/domain/delivery/http/user_handler.go:56.2,56.39 1 0
go-pano/domain/delivery/http/user_handler.go:51.16,54.3 2 0
go-pano/domain/delivery/http/user_handler.go:69.49,73.54 2 0
go-pano/domain/delivery/http/user_handler.go:78.2,78.57 1 0
go-pano/domain/delivery/http/user_handler.go:83.2,83.48 1 0
go-pano/domain/delivery/http/user_handler.go:73.54,76.3 2 0
go-pano/domain/delivery/http/user_handler.go:78.57,81.3 2 0
go-pano/domain/delivery/http/user_handler.go:96.49,100.54 2 0
go-pano/domain/delivery/http/user_handler.go:105.2,105.57 1 0
go-pano/domain/delivery/http/user_handler.go:110.2,110.48 1 0
go-pano/domain/delivery/http/user_handler.go:100.54,103.3 2 0
go-pano/domain/delivery/http/user_handler.go:105.57,108.3 2 0
go-pano/domain/delivery/http/user_handler.go:123.57,126.54 2 0
go-pano/domain/delivery/http/user_handler.go:131.2,131.65 1 0
go-pano/domain/delivery/http/user_handler.go:136.2,136.48 1 0
go-pano/domain/delivery/http/user_handler.go:126.54,129.3 2 0
go-pano/domain/delivery/http/user_handler.go:131.65,134.3 2 0
go-pano/domain/model/predict.go:34.35,36.2 1 0
go-pano/domain/model/user.go:38.32,40.2 1 0
go-pano/domain/service/clinic/clinic_service.go:18.70,20.2 1 0
go-pano/domain/service/clinic/clinic_service.go:27.56,29.16 2 0
go-pano/domain/service/clinic/clinic_service.go:33.2,33.20 1 0
go-pano/domain/service/clinic/clinic_service.go:29.16,31.3 1 0
go-pano/domain/service/clinic/clinic_service.go:36.71,38.86 1 0
go-pano/domain/service/clinic/clinic_service.go:42.2,42.12 1 0
go-pano/domain/service/clinic/clinic_service.go:38.86,40.3 1 0
go-pano/domain/service/clinic/clinic_service.go:45.71,46.59 1 0
go-pano/domain/service/clinic/clinic_service.go:50.2,50.12 1 0
go-pano/domain/service/clinic/clinic_service.go:46.59,48.3 1 0
go-pano/domain/service/clinic/clinic_service.go:53.75,55.91 1 0
go-pano/domain/service/clinic/clinic_service.go:59.2,59.12 1 0
go-pano/domain/service/clinic/clinic_service.go:55.91,57.3 1 0
go-pano/domain/repository/user/user_repository.go:21.62,23.2 1 0
go-pano/domain/repository/user/user_repository.go:31.60,33.69 2 0
go-pano/domain/repository/user/user_repository.go:37.2,37.18 1 0
go-pano/domain/repository/user/user_repository.go:33.69,35.3 1 0
go-pano/domain/repository/user/user_repository.go:41.70,44.72 3 0
go-pano/domain/repository/user/user_repository.go:48.2,48.12 1 0
go-pano/domain/repository/user/user_repository.go:44.72,46.3 1 0
go-pano/domain/repository/user/user_repository.go:52.70,53.73 1 0
go-pano/domain/repository/user/user_repository.go:59.2,59.12 1 0
go-pano/domain/repository/user/user_repository.go:53.73,55.3 1 0
go-pano/domain/repository/user/user_repository.go:55.8,55.33 1 0
go-pano/domain/repository/user/user_repository.go:55.33,57.3 1 0
go-pano/domain/repository/user/user_repository.go:63.80,65.131 2 0
go-pano/domain/repository/user/user_repository.go:71.2,71.12 1 0
go-pano/domain/repository/user/user_repository.go:65.131,67.3 1 0
go-pano/domain/repository/user/user_repository.go:67.8,67.33 1 0
go-pano/domain/repository/user/user_repository.go:67.33,69.3 1 0
go-pano/domain/service/user/user_service.go:19.69,21.2 1 0
go-pano/domain/service/user/user_service.go:28.52,30.16 2 0
go-pano/domain/service/user/user_service.go:35.2,35.31 1 0
go-pano/domain/service/user/user_service.go:45.2,45.20 1 0
go-pano/domain/service/user/user_service.go:30.16,32.3 1 0
go-pano/domain/service/user/user_service.go:35.31,37.69 2 0
go-pano/domain/service/user/user_service.go:41.3,42.31 2 0
go-pano/domain/service/user/user_service.go:37.69,40.4 2 0
go-pano/domain/service/user/user_service.go:48.65,51.16 2 0
go-pano/domain/service/user/user_service.go:54.2,57.55 2 0
go-pano/domain/service/user/user_service.go:61.2,61.12 1 0
go-pano/domain/service/user/user_service.go:51.16,53.3 1 0
go-pano/domain/service/user/user_service.go:57.55,59.3 1 0
go-pano/domain/service/user/user_service.go:64.65,67.16 2 0
go-pano/domain/service/user/user_service.go:70.2,72.55 2 0
go-pano/domain/service/user/user_service.go:76.2,76.12 1 0
go-pano/domain/service/user/user_service.go:67.16,69.3 1 0
go-pano/domain/service/user/user_service.go:72.55,74.3 1 0
go-pano/domain/service/user/user_service.go:79.75,80.63 1 0
go-pano/domain/service/user/user_service.go:84.2,84.12 1 0
go-pano/domain/service/user/user_service.go:80.63,82.3 1 0
go-pano/domain/delivery/http/clinic_handler.go:20.76,25.2 3 0
go-pano/domain/delivery/http/clinic_handler.go:25.2,30.3 4 0
go-pano/domain/delivery/http/clinic_handler.go:47.48,49.16 2 0
go-pano/domain/delivery/http/clinic_handler.go:54.2,54.39 1 0
go-pano/domain/delivery/http/clinic_handler.go:49.16,52.3 2 0
go-pano/domain/delivery/http/clinic_handler.go:67.51,70.56 2 0
go-pano/domain/delivery/http/clinic_handler.go:76.2,76.81 1 0
go-pano/domain/delivery/http/clinic_handler.go:81.2,81.61 1 0
go-pano/domain/delivery/http/clinic_handler.go:86.2,86.48 1 0
go-pano/domain/delivery/http/clinic_handler.go:70.56,73.3 2 0
go-pano/domain/delivery/http/clinic_handler.go:76.81,79.3 2 0
go-pano/domain/delivery/http/clinic_handler.go:81.61,84.3 2 0
go-pano/domain/delivery/http/clinic_handler.go:99.51,102.56 2 0
go-pano/domain/delivery/http/clinic_handler.go:108.2,108.81 1 0
go-pano/domain/delivery/http/clinic_handler.go:113.2,113.61 1 0
go-pano/domain/delivery/http/clinic_handler.go:118.2,118.48 1 0
go-pano/domain/delivery/http/clinic_handler.go:102.56,105.3 2 0
go-pano/domain/delivery/http/clinic_handler.go:108.81,111.3 2 0
go-pano/domain/delivery/http/clinic_handler.go:113.61,116.3 2 0
go-pano/domain/delivery/http/clinic_handler.go:131.56,134.56 2 0
go-pano/domain/delivery/http/clinic_handler.go:139.2,139.66 1 0
go-pano/domain/delivery/http/clinic_handler.go:144.2,144.48 1 0
go-pano/domain/delivery/http/clinic_handler.go:134.56,137.3 2 0
go-pano/domain/delivery/http/clinic_handler.go:139.66,142.3 2 0
go-pano/domain/repository/clinic/clinic_repository.go:19.66,21.2 1 1
go-pano/domain/repository/clinic/clinic_repository.go:29.64,33.46 2 3
go-pano/domain/repository/clinic/clinic_repository.go:37.2,37.20 1 2
go-pano/domain/repository/clinic/clinic_repository.go:33.46,35.3 1 1
go-pano/domain/repository/clinic/clinic_repository.go:41.90,47.21 1 2
go-pano/domain/repository/clinic/clinic_repository.go:51.2,51.12 1 1
go-pano/domain/repository/clinic/clinic_repository.go:47.21,49.3 1 1
go-pano/domain/repository/clinic/clinic_repository.go:55.76,56.94 1 3
go-pano/domain/repository/clinic/clinic_repository.go:62.2,62.12 1 1
go-pano/domain/repository/clinic/clinic_repository.go:56.94,58.3 1 1
go-pano/domain/repository/clinic/clinic_repository.go:58.8,58.33 1 2
go-pano/domain/repository/clinic/clinic_repository.go:58.33,60.3 1 1
go-pano/domain/repository/clinic/clinic_repository.go:66.94,67.123 1 3
go-pano/domain/repository/clinic/clinic_repository.go:73.2,73.12 1 1
go-pano/domain/repository/clinic/clinic_repository.go:67.123,69.3 1 1
go-pano/domain/repository/clinic/clinic_repository.go:69.8,69.33 1 2
go-pano/domain/repository/clinic/clinic_repository.go:69.33,71.3 1 1
go-pano/domain/model/clinic.go:28.34,30.2 1 1
go-pano/domain/service/predict/predict_service.go:27.127,29.2 1 0
go-pano/domain/service/predict/predict_service.go:48.90,51.16 2 0
go-pano/domain/service/predict/predict_service.go:55.2,56.21 2 0
go-pano/domain/service/predict/predict_service.go:60.2,65.124 2 0
go-pano/domain/service/predict/predict_service.go:75.2,81.57 4 0
go-pano/domain/service/predict/predict_service.go:87.2,87.70 1 0
go-pano/domain/service/predict/predict_service.go:92.2,93.16 2 0
go-pano/domain/service/predict/predict_service.go:97.2,104.16 6 0
go-pano/domain/service/predict/predict_service.go:108.2,108.87 1 0
go-pano/domain/service/predict/predict_service.go:112.2,112.27 1 0
go-pano/domain/service/predict/predict_service.go:51.16,53.3 1 0
go-pano/domain/service/predict/predict_service.go:56.21,58.3 1 0
go-pano/domain/service/predict/predict_service.go:65.124,67.3 1 0
go-pano/domain/service/predict/predict_service.go:67.8,67.23 1 0
go-pano/domain/service/predict/predict_service.go:67.23,69.77 2 0
go-pano/domain/service/predict/predict_service.go:72.3,72.16 1 0
go-pano/domain/service/predict/predict_service.go:69.77,71.4 1 0
go-pano/domain/service/predict/predict_service.go:81.57,83.3 1 0
go-pano/domain/service/predict/predict_service.go:87.70,89.3 1 0
go-pano/domain/service/predict/predict_service.go:93.16,95.3 1 0
go-pano/domain/service/predict/predict_service.go:104.16,106.3 1 0
go-pano/domain/service/predict/predict_service.go:108.87,110.3 1 0
go-pano/domain/service/predict/predict_service.go:116.90,120.16 2 0
go-pano/domain/service/predict/predict_service.go:124.2,130.16 5 0
go-pano/domain/service/predict/predict_service.go:134.2,134.28 1 0
go-pano/domain/service/predict/predict_service.go:138.2,142.8 1 0
go-pano/domain/service/predict/predict_service.go:120.16,122.3 1 0
go-pano/domain/service/predict/predict_service.go:130.16,132.3 1 0
go-pano/domain/service/predict/predict_service.go:134.28,136.3 1 0
go-pano/domain/service/user/user_service.go:19.69,21.2 1 0
go-pano/domain/service/user/user_service.go:28.52,30.16 2 0
go-pano/domain/service/user/user_service.go:35.2,35.31 1 0
go-pano/domain/service/user/user_service.go:45.2,45.20 1 0
go-pano/domain/service/user/user_service.go:30.16,32.3 1 0
go-pano/domain/service/user/user_service.go:35.31,37.69 2 0
go-pano/domain/service/user/user_service.go:41.3,42.31 2 0
go-pano/domain/service/user/user_service.go:37.69,40.4 2 0
go-pano/domain/service/user/user_service.go:48.65,51.16 2 0
go-pano/domain/service/user/user_service.go:54.2,57.55 2 0
go-pano/domain/service/user/user_service.go:61.2,61.12 1 0
go-pano/domain/service/user/user_service.go:51.16,53.3 1 0
go-pano/domain/service/user/user_service.go:57.55,59.3 1 0
go-pano/domain/service/user/user_service.go:64.65,67.16 2 0
go-pano/domain/service/user/user_service.go:70.2,72.55 2 0
go-pano/domain/service/user/user_service.go:76.2,76.12 1 0
go-pano/domain/service/user/user_service.go:67.16,69.3 1 0
go-pano/domain/service/user/user_service.go:72.55,74.3 1 0
go-pano/domain/service/user/user_service.go:79.75,80.63 1 0
go-pano/domain/service/user/user_service.go:84.2,84.12 1 0
go-pano/domain/service/user/user_service.go:80.63,82.3 1 0
go-pano/domain/delivery/http/clinic_handler.go:20.76,25.2 3 0
go-pano/domain/delivery/http/clinic_handler.go:25.2,30.3 4 0
go-pano/domain/delivery/http/clinic_handler.go:47.48,49.16 2 0
go-pano/domain/delivery/http/clinic_handler.go:54.2,54.39 1 0
go-pano/domain/delivery/http/clinic_handler.go:49.16,52.3 2 0
go-pano/domain/delivery/http/clinic_handler.go:67.51,70.56 2 0
go-pano/domain/delivery/http/clinic_handler.go:76.2,76.81 1 0
go-pano/domain/delivery/http/clinic_handler.go:81.2,81.61 1 0
go-pano/domain/delivery/http/clinic_handler.go:86.2,86.48 1 0
go-pano/domain/delivery/http/clinic_handler.go:70.56,73.3 2 0
go-pano/domain/delivery/http/clinic_handler.go:76.81,79.3 2 0
go-pano/domain/delivery/http/clinic_handler.go:81.61,84.3 2 0
go-pano/domain/delivery/http/clinic_handler.go:99.51,102.56 2 0
go-pano/domain/delivery/http/clinic_handler.go:108.2,108.81 1 0
go-pano/domain/delivery/http/clinic_handler.go:113.2,113.61 1 0
go-pano/domain/delivery/http/clinic_handler.go:118.2,118.48 1 0
go-pano/domain/delivery/http/clinic_handler.go:102.56,105.3 2 0
go-pano/domain/delivery/http/clinic_handler.go:108.81,111.3 2 0
go-pano/domain/delivery/http/clinic_handler.go:113.61,116.3 2 0
go-pano/domain/delivery/http/clinic_handler.go:131.56,134.56 2 0
go-pano/domain/delivery/http/clinic_handler.go:139.2,139.66 1 0
go-pano/domain/delivery/http/clinic_handler.go:144.2,144.48 1 0
go-pano/domain/delivery/http/clinic_handler.go:134.56,137.3 2 0
go-pano/domain/delivery/http/clinic_handler.go:139.66,142.3 2 0
go-pano/domain/delivery/http/user_handler.go:22.70,27.2 3 0
go-pano/domain/delivery/http/user_handler.go:27.2,32.3 4 0
go-pano/domain/delivery/http/user_handler.go:49.46,51.16 2 0
go-pano/domain/delivery/http/user_handler.go:56.2,56.39 1 0
go-pano/domain/delivery/http/user_handler.go:51.16,54.3 2 0
go-pano/domain/delivery/http/user_handler.go:69.49,73.54 2 0
go-pano/domain/delivery/http/user_handler.go:78.2,78.57 1 0
go-pano/domain/delivery/http/user_handler.go:83.2,83.48 1 0
go-pano/domain/delivery/http/user_handler.go:73.54,76.3 2 0
go-pano/domain/delivery/http/user_handler.go:78.57,81.3 2 0
go-pano/domain/delivery/http/user_handler.go:96.49,100.54 2 0
go-pano/domain/delivery/http/user_handler.go:105.2,105.57 1 0
go-pano/domain/delivery/http/user_handler.go:110.2,110.48 1 0
go-pano/domain/delivery/http/user_handler.go:100.54,103.3 2 0
go-pano/domain/delivery/http/user_handler.go:105.57,108.3 2 0
go-pano/domain/delivery/http/user_handler.go:123.57,126.54 2 0
go-pano/domain/delivery/http/user_handler.go:131.2,131.65 1 0
go-pano/domain/delivery/http/user_handler.go:136.2,136.48 1 0
go-pano/domain/delivery/http/user_handler.go:126.54,129.3 2 0
go-pano/domain/delivery/http/user_handler.go:131.65,134.3 2 0
go-pano/domain/service/clinic/clinic_service.go:18.70,20.2 1 9
go-pano/domain/service/clinic/clinic_service.go:27.56,29.16 2 3
go-pano/domain/service/clinic/clinic_service.go:33.2,33.20 1 2
go-pano/domain/service/clinic/clinic_service.go:29.16,31.3 1 1
go-pano/domain/service/clinic/clinic_service.go:36.71,38.86 1 2
go-pano/domain/service/clinic/clinic_service.go:42.2,42.12 1 1
go-pano/domain/service/clinic/clinic_service.go:38.86,40.3 1 1
go-pano/domain/service/clinic/clinic_service.go:45.71,46.59 1 2
go-pano/domain/service/clinic/clinic_service.go:50.2,50.12 1 1
go-pano/domain/service/clinic/clinic_service.go:46.59,48.3 1 1
go-pano/domain/service/clinic/clinic_service.go:53.75,55.91 1 2
go-pano/domain/service/clinic/clinic_service.go:59.2,59.12 1 1
go-pano/domain/service/clinic/clinic_service.go:55.91,57.3 1 1
go-pano/domain/model/clinic.go:28.34,30.2 1 0
go-pano/domain/model/predict.go:34.35,36.2 1 0
go-pano/domain/model/user.go:38.32,40.2 1 0
go-pano/domain/repository/clinic/clinic_repository.go:19.66,21.2 1 0
go-pano/domain/repository/clinic/clinic_repository.go:29.64,33.46 2 0
go-pano/domain/repository/clinic/clinic_repository.go:37.2,37.20 1 0
go-pano/domain/repository/clinic/clinic_repository.go:33.46,35.3 1 0
go-pano/domain/repository/clinic/clinic_repository.go:41.90,47.21 1 0
go-pano/domain/repository/clinic/clinic_repository.go:51.2,51.12 1 0
go-pano/domain/repository/clinic/clinic_repository.go:47.21,49.3 1 0
go-pano/domain/repository/clinic/clinic_repository.go:55.76,56.94 1 0
go-pano/domain/repository/clinic/clinic_repository.go:62.2,62.12 1 0
go-pano/domain/repository/clinic/clinic_repository.go:56.94,58.3 1 0
go-pano/domain/repository/clinic/clinic_repository.go:58.8,58.33 1 0
go-pano/domain/repository/clinic/clinic_repository.go:58.33,60.3 1 0
go-pano/domain/repository/clinic/clinic_repository.go:66.94,67.123 1 0
go-pano/domain/repository/clinic/clinic_repository.go:73.2,73.12 1 0
go-pano/domain/repository/clinic/clinic_repository.go:67.123,69.3 1 0
go-pano/domain/repository/clinic/clinic_repository.go:69.8,69.33 1 0
go-pano/domain/repository/clinic/clinic_repository.go:69.33,71.3 1 0
go-pano/domain/repository/user/user_repository.go:21.62,23.2 1 0
go-pano/domain/repository/user/user_repository.go:31.60,33.69 2 0
go-pano/domain/repository/user/user_repository.go:37.2,37.18 1 0
go-pano/domain/repository/user/user_repository.go:33.69,35.3 1 0
go-pano/domain/repository/user/user_repository.go:41.70,44.72 3 0
go-pano/domain/repository/user/user_repository.go:48.2,48.12 1 0
go-pano/domain/repository/user/user_repository.go:44.72,46.3 1 0
go-pano/domain/repository/user/user_repository.go:52.70,53.73 1 0
go-pano/domain/repository/user/user_repository.go:59.2,59.12 1 0
go-pano/domain/repository/user/user_repository.go:53.73,55.3 1 0
go-pano/domain/repository/user/user_repository.go:55.8,55.33 1 0
go-pano/domain/repository/user/user_repository.go:55.33,57.3 1 0
go-pano/domain/repository/user/user_repository.go:63.80,65.131 2 0
go-pano/domain/repository/user/user_repository.go:71.2,71.12 1 0
go-pano/domain/repository/user/user_repository.go:65.131,67.3 1 0
go-pano/domain/repository/user/user_repository.go:67.8,67.33 1 0
go-pano/domain/repository/user/user_repository.go:67.33,69.3 1 0
go-pano/domain/repository/predict/predict_repository.go:19.68,21.2 1 0
go-pano/domain/repository/predict/predict_repository.go:28.104,29.138 1 0
go-pano/domain/repository/predict/predict_repository.go:33.2,33.21 1 0
go-pano/domain/repository/predict/predict_repository.go:29.138,31.3 1 0
go-pano/domain/repository/predict/predict_repository.go:37.87,40.21 2 0
go-pano/domain/repository/predict/predict_repository.go:45.2,47.21 2 0
go-pano/domain/repository/predict/predict_repository.go:40.21,42.3 1 0
go-pano/domain/repository/predict/predict_repository.go:42.8,42.33 1 0
go-pano/domain/repository/predict/predict_repository.go:42.33,44.3 1 0
go-pano/domain/service/predict/predict_service.go:27.127,29.2 1 0
go-pano/domain/service/predict/predict_service.go:48.90,51.16 2 0
go-pano/domain/service/predict/predict_service.go:55.2,56.21 2 0
go-pano/domain/service/predict/predict_service.go:60.2,65.124 2 0
go-pano/domain/service/predict/predict_service.go:75.2,81.57 4 0
go-pano/domain/service/predict/predict_service.go:87.2,87.70 1 0
go-pano/domain/service/predict/predict_service.go:92.2,93.16 2 0
go-pano/domain/service/predict/predict_service.go:97.2,104.16 6 0
go-pano/domain/service/predict/predict_service.go:108.2,108.87 1 0
go-pano/domain/service/predict/predict_service.go:112.2,112.27 1 0
go-pano/domain/service/predict/predict_service.go:51.16,53.3 1 0
go-pano/domain/service/predict/predict_service.go:56.21,58.3 1 0
go-pano/domain/service/predict/predict_service.go:65.124,67.3 1 0
go-pano/domain/service/predict/predict_service.go:67.8,67.23 1 0
go-pano/domain/service/predict/predict_service.go:67.23,69.77 2 0
go-pano/domain/service/predict/predict_service.go:72.3,72.16 1 0
go-pano/domain/service/predict/predict_service.go:69.77,71.4 1 0
go-pano/domain/service/predict/predict_service.go:81.57,83.3 1 0
go-pano/domain/service/predict/predict_service.go:87.70,89.3 1 0
go-pano/domain/service/predict/predict_service.go:93.16,95.3 1 0
go-pano/domain/service/predict/predict_service.go:104.16,106.3 1 0
go-pano/domain/service/predict/predict_service.go:108.87,110.3 1 0
go-pano/domain/service/predict/predict_service.go:116.90,120.16 2 0
go-pano/domain/service/predict/predict_service.go:124.2,130.16 5 0
go-pano/domain/service/predict/predict_service.go:134.2,134.28 1 0
go-pano/domain/service/predict/predict_service.go:138.2,142.8 1 0
go-pano/domain/service/predict/predict_service.go:120.16,122.3 1 0
go-pano/domain/service/predict/predict_service.go:130.16,132.3 1 0
go-pano/domain/service/predict/predict_service.go:134.28,136.3 1 0
go-pano/domain/delivery/grpc/predict_handler.go:20.79,25.2 2 0
go-pano/domain/delivery/grpc/predict_handler.go:43.52,47.80 2 0
go-pano/domain/delivery/grpc/predict_handler.go:53.2,54.16 2 0
go-pano/domain/delivery/grpc/predict_handler.go:61.2,61.40 1 0
go-pano/domain/delivery/grpc/predict_handler.go:47.80,50.3 2 0
go-pano/domain/delivery/grpc/predict_handler.go:54.16,59.3 4 0
go-pano/domain/service/clinic/clinic_service.go:18.70,20.2 1 0
go-pano/domain/service/clinic/clinic_service.go:27.56,29.16 2 0
go-pano/domain/service/clinic/clinic_service.go:33.2,33.20 1 0
go-pano/domain/service/clinic/clinic_service.go:29.16,31.3 1 0
go-pano/domain/service/clinic/clinic_service.go:36.71,38.86 1 0
go-pano/domain/service/clinic/clinic_service.go:42.2,42.12 1 0
go-pano/domain/service/clinic/clinic_service.go:38.86,40.3 1 0
go-pano/domain/service/clinic/clinic_service.go:45.71,46.59 1 0
go-pano/domain/service/clinic/clinic_service.go:50.2,50.12 1 0
go-pano/domain/service/clinic/clinic_service.go:46.59,48.3 1 0
go-pano/domain/service/clinic/clinic_service.go:53.75,55.91 1 0
go-pano/domain/service/clinic/clinic_service.go:59.2,59.12 1 0
go-pano/domain/service/clinic/clinic_service.go:55.91,57.3 1 0
go-pano/domain/delivery/http/clinic_handler.go:20.76,25.2 3 0
go-pano/domain/delivery/http/clinic_handler.go:25.2,30.3 4 0
go-pano/domain/delivery/http/clinic_handler.go:47.48,49.16 2 0
go-pano/domain/delivery/http/clinic_handler.go:54.2,54.39 1 0
go-pano/domain/delivery/http/clinic_handler.go:49.16,52.3 2 0
go-pano/domain/delivery/http/clinic_handler.go:67.51,70.56 2 0
go-pano/domain/delivery/http/clinic_handler.go:76.2,76.81 1 0
go-pano/domain/delivery/http/clinic_handler.go:81.2,81.61 1 0
go-pano/domain/delivery/http/clinic_handler.go:86.2,86.48 1 0
go-pano/domain/delivery/http/clinic_handler.go:70.56,73.3 2 0
go-pano/domain/delivery/http/clinic_handler.go:76.81,79.3 2 0
go-pano/domain/delivery/http/clinic_handler.go:81.61,84.3 2 0
go-pano/domain/delivery/http/clinic_handler.go:99.51,102.56 2 0
go-pano/domain/delivery/http/clinic_handler.go:108.2,108.81 1 0
go-pano/domain/delivery/http/clinic_handler.go:113.2,113.61 1 0
go-pano/domain/delivery/http/clinic_handler.go:118.2,118.48 1 0
go-pano/domain/delivery/http/clinic_handler.go:102.56,105.3 2 0
go-pano/domain/delivery/http/clinic_handler.go:108.81,111.3 2 0
go-pano/domain/delivery/http/clinic_handler.go:113.61,116.3 2 0
go-pano/domain/delivery/http/clinic_handler.go:131.56,134.56 2 0
go-pano/domain/delivery/http/clinic_handler.go:139.2,139.66 1 0
go-pano/domain/delivery/http/clinic_handler.go:144.2,144.48 1 0
go-pano/domain/delivery/http/clinic_handler.go:134.56,137.3 2 0
go-pano/domain/delivery/http/clinic_handler.go:139.66,142.3 2 0
go-pano/domain/model/clinic.go:28.34,30.2 1 0
go-pano/domain/delivery/grpc/predict_handler.go:20.79,25.2 2 0
go-pano/domain/delivery/grpc/predict_handler.go:43.52,47.80 2 0
go-pano/domain/delivery/grpc/predict_handler.go:53.2,54.16 2 0
go-pano/domain/delivery/grpc/predict_handler.go:61.2,61.40 1 0
go-pano/domain/delivery/grpc/predict_handler.go:47.80,50.3 2 0
go-pano/domain/delivery/grpc/predict_handler.go:54.16,59.3 4 0
go-pano/domain/repository/clinic/clinic_repository.go:19.66,21.2 1 0
go-pano/domain/repository/clinic/clinic_repository.go:29.64,33.46 2 0
go-pano/domain/repository/clinic/clinic_repository.go:37.2,37.20 1 0
go-pano/domain/repository/clinic/clinic_repository.go:33.46,35.3 1 0
go-pano/domain/repository/clinic/clinic_repository.go:41.90,47.21 1 0
go-pano/domain/repository/clinic/clinic_repository.go:51.2,51.12 1 0
go-pano/domain/repository/clinic/clinic_repository.go:47.21,49.3 1 0
go-pano/domain/repository/clinic/clinic_repository.go:55.76,56.94 1 0
go-pano/domain/repository/clinic/clinic_repository.go:62.2,62.12 1 0
go-pano/domain/repository/clinic/clinic_repository.go:56.94,58.3 1 0
go-pano/domain/repository/clinic/clinic_repository.go:58.8,58.33 1 0
go-pano/domain/repository/clinic/clinic_repository.go:58.33,60.3 1 0
go-pano/domain/repository/clinic/clinic_repository.go:66.94,67.123 1 0
go-pano/domain/repository/clinic/clinic_repository.go:73.2,73.12 1 0
go-pano/domain/repository/clinic/clinic_repository.go:67.123,69.3 1 0
go-pano/domain/repository/clinic/clinic_repository.go:69.8,69.33 1 0
go-pano/domain/repository/clinic/clinic_repository.go:69.33,71.3 1 0
go-pano/domain/repository/user/user_repository.go:21.62,23.2 1 0
go-pano/domain/repository/user/user_repository.go:31.60,33.69 2 0
go-pano/domain/repository/user/user_repository.go:37.2,37.18 1 0
go-pano/domain/repository/user/user_repository.go:33.69,35.3 1 0
go-pano/domain/repository/user/user_repository.go:41.70,44.72 3 0
go-pano/domain/repository/user/user_repository.go:48.2,48.12 1 0
go-pano/domain/repository/user/user_repository.go:44.72,46.3 1 0
go-pano/domain/repository/user/user_repository.go:52.70,53.73 1 0
go-pano/domain/repository/user/user_repository.go:59.2,59.12 1 0
go-pano/domain/repository/user/user_repository.go:53.73,55.3 1 0
go-pano/domain/repository/user/user_repository.go:55.8,55.33 1 0
go-pano/domain/repository/user/user_repository.go:55.33,57.3 1 0
go-pano/domain/repository/user/user_repository.go:63.80,65.131 2 0
go-pano/domain/repository/user/user_repository.go:71.2,71.12 1 0
go-pano/domain/repository/user/user_repository.go:65.131,67.3 1 0
go-pano/domain/repository/user/user_repository.go:67.8,67.33 1 0
go-pano/domain/repository/user/user_repository.go:67.33,69.3 1 0
go-pano/domain/service/user/user_service.go:19.69,21.2 1 0
go-pano/domain/service/user/user_service.go:28.52,30.16 2 0
go-pano/domain/service/user/user_service.go:35.2,35.31 1 0
go-pano/domain/service/user/user_service.go:45.2,45.20 1 0
go-pano/domain/service/user/user_service.go:30.16,32.3 1 0
go-pano/domain/service/user/user_service.go:35.31,37.69 2 0
go-pano/domain/service/user/user_service.go:41.3,42.31 2 0
go-pano/domain/service/user/user_service.go:37.69,40.4 2 0
go-pano/domain/service/user/user_service.go:48.65,51.16 2 0
go-pano/domain/service/user/user_service.go:54.2,57.55 2 0
go-pano/domain/service/user/user_service.go:61.2,61.12 1 0
go-pano/domain/service/user/user_service.go:51.16,53.3 1 0
go-pano/domain/service/user/user_service.go:57.55,59.3 1 0
go-pano/domain/service/user/user_service.go:64.65,67.16 2 0
go-pano/domain/service/user/user_service.go:70.2,72.55 2 0
go-pano/domain/service/user/user_service.go:76.2,76.12 1 0
go-pano/domain/service/user/user_service.go:67.16,69.3 1 0
go-pano/domain/service/user/user_service.go:72.55,74.3 1 0
go-pano/domain/service/user/user_service.go:79.75,80.63 1 0
go-pano/domain/service/user/user_service.go:84.2,84.12 1 0
go-pano/domain/service/user/user_service.go:80.63,82.3 1 0
go-pano/domain/delivery/http/user_handler.go:22.70,27.2 3 0
go-pano/domain/delivery/http/user_handler.go:27.2,32.3 4 0
go-pano/domain/delivery/http/user_handler.go:49.46,51.16 2 0
go-pano/domain/delivery/http/user_handler.go:56.2,56.39 1 0
go-pano/domain/delivery/http/user_handler.go:51.16,54.3 2 0
go-pano/domain/delivery/http/user_handler.go:69.49,73.54 2 0
go-pano/domain/delivery/http/user_handler.go:78.2,78.57 1 0
go-pano/domain/delivery/http/user_handler.go:83.2,83.48 1 0
go-pano/domain/delivery/http/user_handler.go:73.54,76.3 2 0
go-pano/domain/delivery/http/user_handler.go:78.57,81.3 2 0
go-pano/domain/delivery/http/user_handler.go:96.49,100.54 2 0
go-pano/domain/delivery/http/user_handler.go:105.2,105.57 1 0
go-pano/domain/delivery/http/user_handler.go:110.2,110.48 1 0
go-pano/domain/delivery/http/user_handler.go:100.54,103.3 2 0
go-pano/domain/delivery/http/user_handler.go:105.57,108.3 2 0
go-pano/domain/delivery/http/user_handler.go:123.57,126.54 2 0
go-pano/domain/delivery/http/user_handler.go:131.2,131.65 1 0
go-pano/domain/delivery/http/user_handler.go:136.2,136.48 1 0
go-pano/domain/delivery/http/user_handler.go:126.54,129.3 2 0
go-pano/domain/delivery/http/user_handler.go:131.65,134.3 2 0
go-pano/domain/service/predict/predict_service.go:27.127,29.2 1 0
go-pano/domain/service/predict/predict_service.go:48.90,51.16 2 0
go-pano/domain/service/predict/predict_service.go:55.2,56.21 2 0
go-pano/domain/service/predict/predict_service.go:60.2,65.124 2 0
go-pano/domain/service/predict/predict_service.go:75.2,81.57 4 0
go-pano/domain/service/predict/predict_service.go:87.2,87.70 1 0
go-pano/domain/service/predict/predict_service.go:92.2,93.16 2 0
go-pano/domain/service/predict/predict_service.go:97.2,104.16 6 0
go-pano/domain/service/predict/predict_service.go:108.2,108.87 1 0
go-pano/domain/service/predict/predict_service.go:112.2,112.27 1 0
go-pano/domain/service/predict/predict_service.go:51.16,53.3 1 0
go-pano/domain/service/predict/predict_service.go:56.21,58.3 1 0
go-pano/domain/service/predict/predict_service.go:65.124,67.3 1 0
go-pano/domain/service/predict/predict_service.go:67.8,67.23 1 0
go-pano/domain/service/predict/predict_service.go:67.23,69.77 2 0
go-pano/domain/service/predict/predict_service.go:72.3,72.16 1 0
go-pano/domain/service/predict/predict_service.go:69.77,71.4 1 0
go-pano/domain/service/predict/predict_service.go:81.57,83.3 1 0
go-pano/domain/service/predict/predict_service.go:87.70,89.3 1 0
go-pano/domain/service/predict/predict_service.go:93.16,95.3 1 0
go-pano/domain/service/predict/predict_service.go:104.16,106.3 1 0
go-pano/domain/service/predict/predict_service.go:108.87,110.3 1 0
go-pano/domain/service/predict/predict_service.go:116.90,120.16 2 0
go-pano/domain/service/predict/predict_service.go:124.2,130.16 5 0
go-pano/domain/service/predict/predict_service.go:134.2,134.28 1 0
go-pano/domain/service/predict/predict_service.go:138.2,142.8 1 0
go-pano/domain/service/predict/predict_service.go:120.16,122.3 1 0
go-pano/domain/service/predict/predict_service.go:130.16,132.3 1 0
go-pano/domain/service/predict/predict_service.go:134.28,136.3 1 0
go-pano/domain/model/predict.go:34.35,36.2 1 0
go-pano/domain/model/user.go:38.32,40.2 1 0
go-pano/domain/repository/predict/predict_repository.go:19.68,21.2 1 0
go-pano/domain/repository/predict/predict_repository.go:28.104,29.138 1 0
go-pano/domain/repository/predict/predict_repository.go:33.2,33.21 1 0
go-pano/domain/repository/predict/predict_repository.go:29.138,31.3 1 0
go-pano/domain/repository/predict/predict_repository.go:37.87,40.21 2 0
go-pano/domain/repository/predict/predict_repository.go:45.2,47.21 2 0
go-pano/domain/repository/predict/predict_repository.go:40.21,42.3 1 0
go-pano/domain/repository/predict/predict_repository.go:42.8,42.33 1 0
go-pano/domain/repository/predict/predict_repository.go:42.33,44.3 1 0
go-pano/domain/repository/clinic/clinic_repository.go:19.66,21.2 1 0
go-pano/domain/repository/clinic/clinic_repository.go:29.64,33.46 2 0
go-pano/domain/repository/clinic/clinic_repository.go:37.2,37.20 1 0
go-pano/domain/repository/clinic/clinic_repository.go:33.46,35.3 1 0
go-pano/domain/repository/clinic/clinic_repository.go:41.90,47.21 1 0
go-pano/domain/repository/clinic/clinic_repository.go:51.2,51.12 1 0
go-pano/domain/repository/clinic/clinic_repository.go:47.21,49.3 1 0
go-pano/domain/repository/clinic/clinic_repository.go:55.76,56.94 1 0
go-pano/domain/repository/clinic/clinic_repository.go:62.2,62.12 1 0
go-pano/domain/repository/clinic/clinic_repository.go:56.94,58.3 1 0
go-pano/domain/repository/clinic/clinic_repository.go:58.8,58.33 1 0
go-pano/domain/repository/clinic/clinic_repository.go:58.33,60.3 1 0
go-pano/domain/repository/clinic/clinic_repository.go:66.94,67.123 1 0
go-pano/domain/repository/clinic/clinic_repository.go:73.2,73.12 1 0
go-pano/domain/repository/clinic/clinic_repository.go:67.123,69.3 1 0
go-pano/domain/repository/clinic/clinic_repository.go:69.8,69.33 1 0
go-pano/domain/repository/clinic/clinic_repository.go:69.33,71.3 1 0
go-pano/domain/service/user/user_service.go:19.69,21.2 1 0
go-pano/domain/service/user/user_service.go:28.52,30.16 2 0
go-pano/domain/service/user/user_service.go:35.2,35.31 1 0
go-pano/domain/service/user/user_service.go:45.2,45.20 1 0
go-pano/domain/service/user/user_service.go:30.16,32.3 1 0
go-pano/domain/service/user/user_service.go:35.31,37.69 2 0
go-pano/domain/service/user/user_service.go:41.3,42.31 2 0
go-pano/domain/service/user/user_service.go:37.69,40.4 2 0
go-pano/domain/service/user/user_service.go:48.65,51.16 2 0
go-pano/domain/service/user/user_service.go:54.2,57.55 2 0
go-pano/domain/service/user/user_service.go:61.2,61.12 1 0
go-pano/domain/service/user/user_service.go:51.16,53.3 1 0
go-pano/domain/service/user/user_service.go:57.55,59.3 1 0
go-pano/domain/service/user/user_service.go:64.65,67.16 2 0
go-pano/domain/service/user/user_service.go:70.2,72.55 2 0
go-pano/domain/service/user/user_service.go:76.2,76.12 1 0
go-pano/domain/service/user/user_service.go:67.16,69.3 1 0
go-pano/domain/service/user/user_service.go:72.55,74.3 1 0
go-pano/domain/service/user/user_service.go:79.75,80.63 1 0
go-pano/domain/service/user/user_service.go:84.2,84.12 1 0
go-pano/domain/service/user/user_service.go:80.63,82.3 1 0
go-pano/domain/delivery/http/clinic_handler.go:20.76,25.2 3 0
go-pano/domain/delivery/http/clinic_handler.go:25.2,30.3 4 0
go-pano/domain/delivery/http/clinic_handler.go:47.48,49.16 2 0
go-pano/domain/delivery/http/clinic_handler.go:54.2,54.39 1 0
go-pano/domain/delivery/http/clinic_handler.go:49.16,52.3 2 0
go-pano/domain/delivery/http/clinic_handler.go:67.51,70.56 2 0
go-pano/domain/delivery/http/clinic_handler.go:76.2,76.81 1 0
go-pano/domain/delivery/http/clinic_handler.go:81.2,81.61 1 0
go-pano/domain/delivery/http/clinic_handler.go:86.2,86.48 1 0
go-pano/domain/delivery/http/clinic_handler.go:70.56,73.3 2 0
go-pano/domain/delivery/http/clinic_handler.go:76.81,79.3 2 0
go-pano/domain/delivery/http/clinic_handler.go:81.61,84.3 2 0
go-pano/domain/delivery/http/clinic_handler.go:99.51,102.56 2 0
go-pano/domain/delivery/http/clinic_handler.go:108.2,108.81 1 0
go-pano/domain/delivery/http/clinic_handler.go:113.2,113.61 1 0
go-pano/domain/delivery/http/clinic_handler.go:118.2,118.48 1 0
go-pano/domain/delivery/http/clinic_handler.go:102.56,105.3 2 0
go-pano/domain/delivery/http/clinic_handler.go:108.81,111.3 2 0
go-pano/domain/delivery/http/clinic_handler.go:113.61,116.3 2 0
go-pano/domain/delivery/http/clinic_handler.go:131.56,134.56 2 0
go-pano/domain/delivery/http/clinic_handler.go:139.2,139.66 1 0
go-pano/domain/delivery/http/clinic_handler.go:144.2,144.48 1 0
go-pano/domain/delivery/http/clinic_handler.go:134.56,137.3 2 0
go-pano/domain/delivery/http/clinic_handler.go:139.66,142.3 2 0
go-pano/domain/delivery/http/user_handler.go:22.70,27.2 3 0
go-pano/domain/delivery/http/user_handler.go:27.2,32.3 4 0
go-pano/domain/delivery/http/user_handler.go:49.46,51.16 2 0
go-pano/domain/delivery/http/user_handler.go:56.2,56.39 1 0
go-pano/domain/delivery/http/user_handler.go:51.16,54.3 2 0
go-pano/domain/delivery/http/user_handler.go:69.49,73.54 2 0
go-pano/domain/delivery/http/user_handler.go:78.2,78.57 1 0
go-pano/domain/delivery/http/user_handler.go:83.2,83.48 1 0
go-pano/domain/delivery/http/user_handler.go:73.54,76.3 2 0
go-pano/domain/delivery/http/user_handler.go:78.57,81.3 2 0
go-pano/domain/delivery/http/user_handler.go:96.49,100.54 2 0
go-pano/domain/delivery/http/user_handler.go:105.2,105.57 1 0
go-pano/domain/delivery/http/user_handler.go:110.2,110.48 1 0
go-pano/domain/delivery/http/user_handler.go:100.54,103.3 2 0
go-pano/domain/delivery/http/user_handler.go:105.57,108.3 2 0
go-pano/domain/delivery/http/user_handler.go:123.57,126.54 2 0
go-pano/domain/delivery/http/user_handler.go:131.2,131.65 1 0
go-pano/domain/delivery/http/user_handler.go:136.2,136.48 1 0
go-pano/domain/delivery/http/user_handler.go:126.54,129.3 2 0
go-pano/domain/delivery/http/user_handler.go:131.65,134.3 2 0
go-pano/domain/model/clinic.go:28.34,30.2 1 0
go-pano/domain/service/predict/predict_service.go:27.127,29.2 1 0
go-pano/domain/service/predict/predict_service.go:48.90,51.16 2 0
go-pano/domain/service/predict/predict_service.go:55.2,56.21 2 0
go-pano/domain/service/predict/predict_service.go:60.2,65.124 2 0
go-pano/domain/service/predict/predict_service.go:75.2,81.57 4 0
go-pano/domain/service/predict/predict_service.go:87.2,87.70 1 0
go-pano/domain/service/predict/predict_service.go:92.2,93.16 2 0
go-pano/domain/service/predict/predict_service.go:97.2,104.16 6 0
go-pano/domain/service/predict/predict_service.go:108.2,108.87 1 0
go-pano/domain/service/predict/predict_service.go:112.2,112.27 1 0
go-pano/domain/service/predict/predict_service.go:51.16,53.3 1 0
go-pano/domain/service/predict/predict_service.go:56.21,58.3 1 0
go-pano/domain/service/predict/predict_service.go:65.124,67.3 1 0
go-pano/domain/service/predict/predict_service.go:67.8,67.23 1 0
go-pano/domain/service/predict/predict_service.go:67.23,69.77 2 0
go-pano/domain/service/predict/predict_service.go:72.3,72.16 1 0
go-pano/domain/service/predict/predict_service.go:69.77,71.4 1 0
go-pano/domain/service/predict/predict_service.go:81.57,83.3 1 0
go-pano/domain/service/predict/predict_service.go:87.70,89.3 1 0
go-pano/domain/service/predict/predict_service.go:93.16,95.3 1 0
go-pano/domain/service/predict/predict_service.go:104.16,106.3 1 0
go-pano/domain/service/predict/predict_service.go:108.87,110.3 1 0
go-pano/domain/service/predict/predict_service.go:116.90,120.16 2 0
go-pano/domain/service/predict/predict_service.go:124.2,130.16 5 0
go-pano/domain/service/predict/predict_service.go:134.2,134.28 1 0
go-pano/domain/service/predict/predict_service.go:138.2,142.8 1 0
go-pano/domain/service/predict/predict_service.go:120.16,122.3 1 0
go-pano/domain/service/predict/predict_service.go:130.16,132.3 1 0
go-pano/domain/service/predict/predict_service.go:134.28,136.3 1 0
go-pano/domain/repository/predict/predict_repository.go:19.68,21.2 1 0
go-pano/domain/repository/predict/predict_repository.go:28.104,29.138 1 0
go-pano/domain/repository/predict/predict_repository.go:33.2,33.21 1 0
go-pano/domain/repository/predict/predict_repository.go:29.138,31.3 1 0
go-pano/domain/repository/predict/predict_repository.go:37.87,40.21 2 0
go-pano/domain/repository/predict/predict_repository.go:45.2,47.21 2 0
go-pano/domain/repository/predict/predict_repository.go:40.21,42.3 1 0
go-pano/domain/repository/predict/predict_repository.go:42.8,42.33 1 0
go-pano/domain/repository/predict/predict_repository.go:42.33,44.3 1 0
go-pano/domain/service/clinic/clinic_service.go:18.70,20.2 1 0
go-pano/domain/service/clinic/clinic_service.go:27.56,29.16 2 0
go-pano/domain/service/clinic/clinic_service.go:33.2,33.20 1 0
go-pano/domain/service/clinic/clinic_service.go:29.16,31.3 1 0
go-pano/domain/service/clinic/clinic_service.go:36.71,38.86 1 0
go-pano/domain/service/clinic/clinic_service.go:42.2,42.12 1 0
go-pano/domain/service/clinic/clinic_service.go:38.86,40.3 1 0
go-pano/domain/service/clinic/clinic_service.go:45.71,46.59 1 0
go-pano/domain/service/clinic/clinic_service.go:50.2,50.12 1 0
go-pano/domain/service/clinic/clinic_service.go:46.59,48.3 1 0
go-pano/domain/service/clinic/clinic_service.go:53.75,55.91 1 0
go-pano/domain/service/clinic/clinic_service.go:59.2,59.12 1 0
go-pano/domain/service/clinic/clinic_service.go:55.91,57.3 1 0
go-pano/domain/repository/user/user_repository.go:21.62,23.2 1 0
go-pano/domain/repository/user/user_repository.go:31.60,33.69 2 0
go-pano/domain/repository/user/user_repository.go:37.2,37.18 1 0
go-pano/domain/repository/user/user_repository.go:33.69,35.3 1 0
go-pano/domain/repository/user/user_repository.go:41.70,44.72 3 0
go-pano/domain/repository/user/user_repository.go:48.2,48.12 1 0
go-pano/domain/repository/user/user_repository.go:44.72,46.3 1 0
go-pano/domain/repository/user/user_repository.go:52.70,53.73 1 0
go-pano/domain/repository/user/user_repository.go:59.2,59.12 1 0
go-pano/domain/repository/user/user_repository.go:53.73,55.3 1 0
go-pano/domain/repository/user/user_repository.go:55.8,55.33 1 0
go-pano/domain/repository/user/user_repository.go:55.33,57.3 1 0
go-pano/domain/repository/user/user_repository.go:63.80,65.131 2 0
go-pano/domain/repository/user/user_repository.go:71.2,71.12 1 0
go-pano/domain/repository/user/user_repository.go:65.131,67.3 1 0
go-pano/domain/repository/user/user_repository.go:67.8,67.33 1 0
go-pano/domain/repository/user/user_repository.go:67.33,69.3 1 0
go-pano/domain/delivery/grpc/predict_handler.go:20.79,25.2 2 0
go-pano/domain/delivery/grpc/predict_handler.go:43.52,47.80 2 0
go-pano/domain/delivery/grpc/predict_handler.go:53.2,54.16 2 0
go-pano/domain/delivery/grpc/predict_handler.go:61.2,61.40 1 0
go-pano/domain/delivery/grpc/predict_handler.go:47.80,50.3 2 0
go-pano/domain/delivery/grpc/predict_handler.go:54.16,59.3 4 0
go-pano/domain/model/predict.go:34.35,36.2 1 0
go-pano/domain/model/user.go:38.32,40.2 1 0
go-pano/domain/delivery/grpc/predict_handler.go:20.79,25.2 2 0
go-pano/domain/delivery/grpc/predict_handler.go:43.52,47.80 2 0
go-pano/domain/delivery/grpc/predict_handler.go:53.2,54.16 2 0
go-pano/domain/delivery/grpc/predict_handler.go:61.2,61.40 1 0
go-pano/domain/delivery/grpc/predict_handler.go:47.80,50.3 2 0
go-pano/domain/delivery/grpc/predict_handler.go:54.16,59.3 4 0
go-pano/domain/service/clinic/clinic_service.go:18.70,20.2 1 0
go-pano/domain/service/clinic/clinic_service.go:27.56,29.16 2 0
go-pano/domain/service/clinic/clinic_service.go:33.2,33.20 1 0
go-pano/domain/service/clinic/clinic_service.go:29.16,31.3 1 0
go-pano/domain/service/clinic/clinic_service.go:36.71,38.86 1 0
go-pano/domain/service/clinic/clinic_service.go:42.2,42.12 1 0
go-pano/domain/service/clinic/clinic_service.go:38.86,40.3 1 0
go-pano/domain/service/clinic/clinic_service.go:45.71,46.59 1 0
go-pano/domain/service/clinic/clinic_service.go:50.2,50.12 1 0
go-pano/domain/service/clinic/clinic_service.go:46.59,48.3 1 0
go-pano/domain/service/clinic/clinic_service.go:53.75,55.91 1 0
go-pano/domain/service/clinic/clinic_service.go:59.2,59.12 1 0
go-pano/domain/service/clinic/clinic_service.go:55.91,57.3 1 0
go-pano/domain/repository/user/user_repository.go:21.62,23.2 1 0
go-pano/domain/repository/user/user_repository.go:31.60,33.69 2 0
go-pano/domain/repository/user/user_repository.go:37.2,37.18 1 0
go-pano/domain/repository/user/user_repository.go:33.69,35.3 1 0
go-pano/domain/repository/user/user_repository.go:41.70,44.72 3 0
go-pano/domain/repository/user/user_repository.go:48.2,48.12 1 0
go-pano/domain/repository/user/user_repository.go:44.72,46.3 1 0
go-pano/domain/repository/user/user_repository.go:52.70,53.73 1 0
go-pano/domain/repository/user/user_repository.go:59.2,59.12 1 0
go-pano/domain/repository/user/user_repository.go:53.73,55.3 1 0
go-pano/domain/repository/user/user_repository.go:55.8,55.33 1 0
go-pano/domain/repository/user/user_repository.go:55.33,57.3 1 0
go-pano/domain/repository/user/user_repository.go:63.80,65.131 2 0
go-pano/domain/repository/user/user_repository.go:71.2,71.12 1 0
go-pano/domain/repository/user/user_repository.go:65.131,67.3 1 0
go-pano/domain/repository/user/user_repository.go:67.8,67.33 1 0
go-pano/domain/repository/user/user_repository.go:67.33,69.3 1 0
go-pano/domain/delivery/http/user_handler.go:22.70,27.2 3 0
go-pano/domain/delivery/http/user_handler.go:27.2,32.3 4 0
go-pano/domain/delivery/http/user_handler.go:49.46,51.16 2 0
go-pano/domain/delivery/http/user_handler.go:56.2,56.39 1 0
go-pano/domain/delivery/http/user_handler.go:51.16,54.3 2 0
go-pano/domain/delivery/http/user_handler.go:69.49,73.54 2 0
go-pano/domain/delivery/http/user_handler.go:78.2,78.57 1 0
go-pano/domain/delivery/http/user_handler.go:83.2,83.48 1 0
go-pano/domain/delivery/http/user_handler.go:73.54,76.3 2 0
go-pano/domain/delivery/http/user_handler.go:78.57,81.3 2 0
go-pano/domain/delivery/http/user_handler.go:96.49,100.54 2 0
go-pano/domain/delivery/http/user_handler.go:105.2,105.57 1 0
go-pano/domain/delivery/http/user_handler.go:110.2,110.48 1 0
go-pano/domain/delivery/http/user_handler.go:100.54,103.3 2 0
go-pano/domain/delivery/http/user_handler.go:105.57,108.3 2 0
go-pano/domain/delivery/http/user_handler.go:123.57,126.54 2 0
go-pano/domain/delivery/http/user_handler.go:131.2,131.65 1 0
go-pano/domain/delivery/http/user_handler.go:136.2,136.48 1 0
go-pano/domain/delivery/http/user_handler.go:126.54,129.3 2 0
go-pano/domain/delivery/http/user_handler.go:131.65,134.3 2 0
go-pano/domain/service/user/user_service.go:19.69,21.2 1 10
go-pano/domain/service/user/user_service.go:28.52,30.16 2 4
go-pano/domain/service/user/user_service.go:35.2,35.31 1 3
go-pano/domain/service/user/user_service.go:45.2,45.20 1 2
go-pano/domain/service/user/user_service.go:30.16,32.3 1 1
go-pano/domain/service/user/user_service.go:35.31,37.69 2 2
go-pano/domain/service/user/user_service.go:41.3,42.31 2 1
go-pano/domain/service/user/user_service.go:37.69,40.4 2 1
go-pano/domain/service/user/user_service.go:48.65,51.16 2 2
go-pano/domain/service/user/user_service.go:54.2,57.55 2 2
go-pano/domain/service/user/user_service.go:61.2,61.12 1 1
go-pano/domain/service/user/user_service.go:51.16,53.3 1 0
go-pano/domain/service/user/user_service.go:57.55,59.3 1 1
go-pano/domain/service/user/user_service.go:64.65,67.16 2 2
go-pano/domain/service/user/user_service.go:70.2,72.55 2 2
go-pano/domain/service/user/user_service.go:76.2,76.12 1 1
go-pano/domain/service/user/user_service.go:67.16,69.3 1 0
go-pano/domain/service/user/user_service.go:72.55,74.3 1 1
go-pano/domain/service/user/user_service.go:79.75,80.63 1 2
go-pano/domain/service/user/user_service.go:84.2,84.12 1 1
go-pano/domain/service/user/user_service.go:80.63,82.3 1 1
go-pano/domain/model/clinic.go:28.34,30.2 1 0
go-pano/domain/model/predict.go:34.35,36.2 1 0
go-pano/domain/service/predict/predict_service.go:27.127,29.2 1 0
go-pano/domain/service/predict/predict_service.go:48.90,51.16 2 0
go-pano/domain/service/predict/predict_service.go:55.2,56.21 2 0
go-pano/domain/service/predict/predict_service.go:60.2,65.124 2 0
go-pano/domain/service/predict/predict_service.go:75.2,81.57 4 0
go-pano/domain/service/predict/predict_service.go:87.2,87.70 1 0
go-pano/domain/service/predict/predict_service.go:92.2,93.16 2 0
go-pano/domain/service/predict/predict_service.go:97.2,104.16 6 0
go-pano/domain/service/predict/predict_service.go:108.2,108.87 1 0
go-pano/domain/service/predict/predict_service.go:112.2,112.27 1 0
go-pano/domain/service/predict/predict_service.go:51.16,53.3 1 0
go-pano/domain/service/predict/predict_service.go:56.21,58.3 1 0
go-pano/domain/service/predict/predict_service.go:65.124,67.3 1 0
go-pano/domain/service/predict/predict_service.go:67.8,67.23 1 0
go-pano/domain/service/predict/predict_service.go:67.23,69.77 2 0
go-pano/domain/service/predict/predict_service.go:72.3,72.16 1 0
go-pano/domain/service/predict/predict_service.go:69.77,71.4 1 0
go-pano/domain/service/predict/predict_service.go:81.57,83.3 1 0
go-pano/domain/service/predict/predict_service.go:87.70,89.3 1 0
go-pano/domain/service/predict/predict_service.go:93.16,95.3 1 0
go-pano/domain/service/predict/predict_service.go:104.16,106.3 1 0
go-pano/domain/service/predict/predict_service.go:108.87,110.3 1 0
go-pano/domain/service/predict/predict_service.go:116.90,120.16 2 0
go-pano/domain/service/predict/predict_service.go:124.2,130.16 5 0
go-pano/domain/service/predict/predict_service.go:134.2,134.28 1 0
go-pano/domain/service/predict/predict_service.go:138.2,142.8 1 0
go-pano/domain/service/predict/predict_service.go:120.16,122.3 1 0
go-pano/domain/service/predict/predict_service.go:130.16,132.3 1 0
go-pano/domain/service/predict/predict_service.go:134.28,136.3 1 0
go-pano/domain/repository/clinic/clinic_repository.go:19.66,21.2 1 0
go-pano/domain/repository/clinic/clinic_repository.go:29.64,33.46 2 0
go-pano/domain/repository/clinic/clinic_repository.go:37.2,37.20 1 0
go-pano/domain/repository/clinic/clinic_repository.go:33.46,35.3 1 0
go-pano/domain/repository/clinic/clinic_repository.go:41.90,47.21 1 0
go-pano/domain/repository/clinic/clinic_repository.go:51.2,51.12 1 0
go-pano/domain/repository/clinic/clinic_repository.go:47.21,49.3 1 0
go-pano/domain/repository/clinic/clinic_repository.go:55.76,56.94 1 0
go-pano/domain/repository/clinic/clinic_repository.go:62.2,62.12 1 0
go-pano/domain/repository/clinic/clinic_repository.go:56.94,58.3 1 0
go-pano/domain/repository/clinic/clinic_repository.go:58.8,58.33 1 0
go-pano/domain/repository/clinic/clinic_repository.go:58.33,60.3 1 0
go-pano/domain/repository/clinic/clinic_repository.go:66.94,67.123 1 0
go-pano/domain/repository/clinic/clinic_repository.go:73.2,73.12 1 0
go-pano/domain/repository/clinic/clinic_repository.go:67.123,69.3 1 0
go-pano/domain/repository/clinic/clinic_repository.go:69.8,69.33 1 0
go-pano/domain/repository/clinic/clinic_repository.go:69.33,71.3 1 0
go-pano/domain/delivery/http/clinic_handler.go:20.76,25.2 3 0
go-pano/domain/delivery/http/clinic_handler.go:25.2,30.3 4 0
go-pano/domain/delivery/http/clinic_handler.go:47.48,49.16 2 0
go-pano/domain/delivery/http/clinic_handler.go:54.2,54.39 1 0
go-pano/domain/delivery/http/clinic_handler.go:49.16,52.3 2 0
go-pano/domain/delivery/http/clinic_handler.go:67.51,70.56 2 0
go-pano/domain/delivery/http/clinic_handler.go:76.2,76.81 1 0
go-pano/domain/delivery/http/clinic_handler.go:81.2,81.61 1 0
go-pano/domain/delivery/http/clinic_handler.go:86.2,86.48 1 0
go-pano/domain/delivery/http/clinic_handler.go:70.56,73.3 2 0
go-pano/domain/delivery/http/clinic_handler.go:76.81,79.3 2 0
go-pano/domain/delivery/http/clinic_handler.go:81.61,84.3 2 0
go-pano/domain/delivery/http/clinic_handler.go:99.51,102.56 2 0
go-pano/domain/delivery/http/clinic_handler.go:108.2,108.81 1 0
go-pano/domain/delivery/http/clinic_handler.go:113.2,113.61 1 0
go-pano/domain/delivery/http/clinic_handler.go:118.2,118.48 1 0
go-pano/domain/delivery/http/clinic_handler.go:102.56,105.3 2 0
go-pano/domain/delivery/http/clinic_handler.go:108.81,111.3 2 0
go-pano/domain/delivery/http/clinic_handler.go:113.61,116.3 2 0
go-pano/domain/delivery/http/clinic_handler.go:131.56,134.56 2 0
go-pano/domain/delivery/http/clinic_handler.go:139.2,139.66 1 0
go-pano/domain/delivery/http/clinic_handler.go:144.2,144.48 1 0
go-pano/domain/delivery/http/clinic_handler.go:134.56,137.3 2 0
go-pano/domain/delivery/http/clinic_handler.go:139.66,142.3 2 0
go-pano/domain/model/user.go:38.32,40.2 1 0
go-pano/domain/repository/predict/predict_repository.go:19.68,21.2 1 0
go-pano/domain/repository/predict/predict_repository.go:28.104,29.138 1 0
go-pano/domain/repository/predict/predict_repository.go:33.2,33.21 1 0
go-pano/domain/repository/predict/predict_repository.go:29.138,31.3 1 0
go-pano/domain/repository/predict/predict_repository.go:37.87,40.21 2 0
go-pano/domain/repository/predict/predict_repository.go:45.2,47.21 2 0
go-pano/domain/repository/predict/predict_repository.go:40.21,42.3 1 0
go-pano/domain/repository/predict/predict_repository.go:42.8,42.33 1 0
go-pano/domain/repository/predict/predict_repository.go:42.33,44.3 1 0
go-pano/domain/model/user.go:38.32,40.2 1 1
go-pano/domain/service/predict/predict_service.go:27.127,29.2 1 0
go-pano/domain/service/predict/predict_service.go:48.90,51.16 2 0
go-pano/domain/service/predict/predict_service.go:55.2,56.21 2 0
go-pano/domain/service/predict/predict_service.go:60.2,65.124 2 0
go-pano/domain/service/predict/predict_service.go:75.2,81.57 4 0
go-pano/domain/service/predict/predict_service.go:87.2,87.70 1 0
go-pano/domain/service/predict/predict_service.go:92.2,93.16 2 0
go-pano/domain/service/predict/predict_service.go:97.2,104.16 6 0
go-pano/domain/service/predict/predict_service.go:108.2,108.87 1 0
go-pano/domain/service/predict/predict_service.go:112.2,112.27 1 0
go-pano/domain/service/predict/predict_service.go:51.16,53.3 1 0
go-pano/domain/service/predict/predict_service.go:56.21,58.3 1 0
go-pano/domain/service/predict/predict_service.go:65.124,67.3 1 0
go-pano/domain/service/predict/predict_service.go:67.8,67.23 1 0
go-pano/domain/service/predict/predict_service.go:67.23,69.77 2 0
go-pano/domain/service/predict/predict_service.go:72.3,72.16 1 0
go-pano/domain/service/predict/predict_service.go:69.77,71.4 1 0
go-pano/domain/service/predict/predict_service.go:81.57,83.3 1 0
go-pano/domain/service/predict/predict_service.go:87.70,89.3 1 0
go-pano/domain/service/predict/predict_service.go:93.16,95.3 1 0
go-pano/domain/service/predict/predict_service.go:104.16,106.3 1 0
go-pano/domain/service/predict/predict_service.go:108.87,110.3 1 0
go-pano/domain/service/predict/predict_service.go:116.90,120.16 2 0
go-pano/domain/service/predict/predict_service.go:124.2,130.16 5 0
go-pano/domain/service/predict/predict_service.go:134.2,134.28 1 0
go-pano/domain/service/predict/predict_service.go:138.2,142.8 1 0
go-pano/domain/service/predict/predict_service.go:120.16,122.3 1 0
go-pano/domain/service/predict/predict_service.go:130.16,132.3 1 0
go-pano/domain/service/predict/predict_service.go:134.28,136.3 1 0
go-pano/domain/delivery/grpc/predict_handler.go:20.79,25.2 2 0
go-pano/domain/delivery/grpc/predict_handler.go:43.52,47.80 2 0
go-pano/domain/delivery/grpc/predict_handler.go:53.2,54.16 2 0
go-pano/domain/delivery/grpc/predict_handler.go:61.2,61.40 1 0
go-pano/domain/delivery/grpc/predict_handler.go:47.80,50.3 2 0
go-pano/domain/delivery/grpc/predict_handler.go:54.16,59.3 4 0
go-pano/domain/repository/clinic/clinic_repository.go:19.66,21.2 1 0
go-pano/domain/repository/clinic/clinic_repository.go:29.64,33.46 2 0
go-pano/domain/repository/clinic/clinic_repository.go:37.2,37.20 1 0
go-pano/domain/repository/clinic/clinic_repository.go:33.46,35.3 1 0
go-pano/domain/repository/clinic/clinic_repository.go:41.90,47.21 1 0
go-pano/domain/repository/clinic/clinic_repository.go:51.2,51.12 1 0
go-pano/domain/repository/clinic/clinic_repository.go:47.21,49.3 1 0
go-pano/domain/repository/clinic/clinic_repository.go:55.76,56.94 1 0
go-pano/domain/repository/clinic/clinic_repository.go:62.2,62.12 1 0
go-pano/domain/repository/clinic/clinic_repository.go:56.94,58.3 1 0
go-pano/domain/repository/clinic/clinic_repository.go:58.8,58.33 1 0
go-pano/domain/repository/clinic/clinic_repository.go:58.33,60.3 1 0
go-pano/domain/repository/clinic/clinic_repository.go:66.94,67.123 1 0
go-pano/domain/repository/clinic/clinic_repository.go:73.2,73.12 1 0
go-pano/domain/repository/clinic/clinic_repository.go:67.123,69.3 1 0
go-pano/domain/repository/clinic/clinic_repository.go:69.8,69.33 1 0
go-pano/domain/repository/clinic/clinic_repository.go:69.33,71.3 1 0
go-pano/domain/service/clinic/clinic_service.go:18.70,20.2 1 0
go-pano/domain/service/clinic/clinic_service.go:27.56,29.16 2 0
go-pano/domain/service/clinic/clinic_service.go:33.2,33.20 1 0
go-pano/domain/service/clinic/clinic_service.go:29.16,31.3 1 0
go-pano/domain/service/clinic/clinic_service.go:36.71,38.86 1 0
go-pano/domain/service/clinic/clinic_service.go:42.2,42.12 1 0
go-pano/domain/service/clinic/clinic_service.go:38.86,40.3 1 0
go-pano/domain/service/clinic/clinic_service.go:45.71,46.59 1 0
go-pano/domain/service/clinic/clinic_service.go:50.2,50.12 1 0
go-pano/domain/service/clinic/clinic_service.go:46.59,48.3 1 0
go-pano/domain/service/clinic/clinic_service.go:53.75,55.91 1 0
go-pano/domain/service/clinic/clinic_service.go:59.2,59.12 1 0
go-pano/domain/service/clinic/clinic_service.go:55.91,57.3 1 0
go-pano/domain/delivery/http/clinic_handler.go:20.76,25.2 3 0
go-pano/domain/delivery/http/clinic_handler.go:25.2,30.3 4 0
go-pano/domain/delivery/http/clinic_handler.go:47.48,49.16 2 0
go-pano/domain/delivery/http/clinic_handler.go:54.2,54.39 1 0
go-pano/domain/delivery/http/clinic_handler.go:49.16,52.3 2 0
go-pano/domain/delivery/http/clinic_handler.go:67.51,70.56 2 0
go-pano/domain/delivery/http/clinic_handler.go:76.2,76.81 1 0
go-pano/domain/delivery/http/clinic_handler.go:81.2,81.61 1 0
go-pano/domain/delivery/http/clinic_handler.go:86.2,86.48 1 0
go-pano/domain/delivery/http/clinic_handler.go:70.56,73.3 2 0
go-pano/domain/delivery/http/clinic_handler.go:76.81,79.3 2 0
go-pano/domain/delivery/http/clinic_handler.go:81.61,84.3 2 0
go-pano/domain/delivery/http/clinic_handler.go:99.51,102.56 2 0
go-pano/domain/delivery/http/clinic_handler.go:108.2,108.81 1 0
go-pano/domain/delivery/http/clinic_handler.go:113.2,113.61 1 0
go-pano/domain/delivery/http/clinic_handler.go:118.2,118.48 1 0
go-pano/domain/delivery/http/clinic_handler.go:102.56,105.3 2 0
go-pano/domain/delivery/http/clinic_handler.go:108.81,111.3 2 0
go-pano/domain/delivery/http/clinic_handler.go:113.61,116.3 2 0
go-pano/domain/delivery/http/clinic_handler.go:131.56,134.56 2 0
go-pano/domain/delivery/http/clinic_handler.go:139.2,139.66 1 0
go-pano/domain/delivery/http/clinic_handler.go:144.2,144.48 1 0
go-pano/domain/delivery/http/clinic_handler.go:134.56,137.3 2 0
go-pano/domain/delivery/http/clinic_handler.go:139.66,142.3 2 0
go-pano/domain/repository/user/user_repository.go:21.62,23.2 1 1
go-pano/domain/repository/user/user_repository.go:31.60,33.69 2 3
go-pano/domain/repository/user/user_repository.go:37.2,37.18 1 2
go-pano/domain/repository/user/user_repository.go:33.69,35.3 1 1
go-pano/domain/repository/user/user_repository.go:41.70,44.72 3 2
go-pano/domain/repository/user/user_repository.go:48.2,48.12 1 1
go-pano/domain/repository/user/user_repository.go:44.72,46.3 1 1
go-pano/domain/repository/user/user_repository.go:52.70,53.73 1 3
go-pano/domain/repository/user/user_repository.go:59.2,59.12 1 1
go-pano/domain/repository/user/user_repository.go:53.73,55.3 1 1
go-pano/domain/repository/user/user_repository.go:55.8,55.33 1 2
go-pano/domain/repository/user/user_repository.go:55.33,57.3 1 1
go-pano/domain/repository/user/user_repository.go:63.80,65.131 2 3
go-pano/domain/repository/user/user_repository.go:71.2,71.12 1 1
go-pano/domain/repository/user/user_repository.go:65.131,67.3 1 1
go-pano/domain/repository/user/user_repository.go:67.8,67.33 1 2
go-pano/domain/repository/user/user_repository.go:67.33,69.3 1 1
go-pano/domain/model/clinic.go:28.34,30.2 1 0
go-pano/domain/model/predict.go:34.35,36.2 1 0
go-pano/domain/repository/predict/predict_repository.go:19.68,21.2 1 0
go-pano/domain/repository/predict/predict_repository.go:28.104,29.138 1 0
go-pano/domain/repository/predict/predict_repository.go:33.2,33.21 1 0
go-pano/domain/repository/predict/predict_repository.go:29.138,31.3 1 0
go-pano/domain/repository/predict/predict_repository.go:37.87,40.21 2 0
go-pano/domain/repository/predict/predict_repository.go:45.2,47.21 2 0
go-pano/domain/repository/predict/predict_repository.go:40.21,42.3 1 0
go-pano/domain/repository/predict/predict_repository.go:42.8,42.33 1 0
go-pano/domain/repository/predict/predict_repository.go:42.33,44.3 1 0
go-pano/domain/service/user/user_service.go:19.69,21.2 1 0
go-pano/domain/service/user/user_service.go:28.52,30.16 2 0
go-pano/domain/service/user/user_service.go:35.2,35.31 1 0
go-pano/domain/service/user/user_service.go:45.2,45.20 1 0
go-pano/domain/service/user/user_service.go:30.16,32.3 1 0
go-pano/domain/service/user/user_service.go:35.31,37.69 2 0
go-pano/domain/service/user/user_service.go:41.3,42.31 2 0
go-pano/domain/service/user/user_service.go:37.69,40.4 2 0
go-pano/domain/service/user/user_service.go:48.65,51.16 2 0
go-pano/domain/service/user/user_service.go:54.2,57.55 2 0
go-pano/domain/service/user/user_service.go:61.2,61.12 1 0
go-pano/domain/service/user/user_service.go:51.16,53.3 1 0
go-pano/domain/service/user/user_service.go:57.55,59.3 1 0
go-pano/domain/service/user/user_service.go:64.65,67.16 2 0
go-pano/domain/service/user/user_service.go:70.2,72.55 2 0
go-pano/domain/service/user/user_service.go:76.2,76.12 1 0
go-pano/domain/service/user/user_service.go:67.16,69.3 1 0
go-pano/domain/service/user/user_service.go:72.55,74.3 1 0
go-pano/domain/service/user/user_service.go:79.75,80.63 1 0
go-pano/domain/service/user/user_service.go:84.2,84.12 1 0
go-pano/domain/service/user/user_service.go:80.63,82.3 1 0
go-pano/domain/delivery/http/user_handler.go:22.70,27.2 3 0
go-pano/domain/delivery/http/user_handler.go:27.2,32.3 4 0
go-pano/domain/delivery/http/user_handler.go:49.46,51.16 2 0
go-pano/domain/delivery/http/user_handler.go:56.2,56.39 1 0
go-pano/domain/delivery/http/user_handler.go:51.16,54.3 2 0
go-pano/domain/delivery/http/user_handler.go:69.49,73.54 2 0
go-pano/domain/delivery/http/user_handler.go:78.2,78.57 1 0
go-pano/domain/delivery/http/user_handler.go:83.2,83.48 1 0
go-pano/domain/delivery/http/user_handler.go:73.54,76.3 2 0
go-pano/domain/delivery/http/user_handler.go:78.57,81.3 2 0
go-pano/domain/delivery/http/user_handler.go:96.49,100.54 2 0
go-pano/domain/delivery/http/user_handler.go:105.2,105.57 1 0
go-pano/domain/delivery/http/user_handler.go:110.2,110.48 1 0
go-pano/domain/delivery/http/user_handler.go:100.54,103.3 2 0
go-pano/domain/delivery/http/user_handler.go:105.57,108.3 2 0
go-pano/domain/delivery/http/user_handler.go:123.57,126.54 2 0
go-pano/domain/delivery/http/user_handler.go:131.2,131.65 1 0
go-pano/domain/delivery/http/user_handler.go:136.2,136.48 1 0
go-pano/domain/delivery/http/user_handler.go:126.54,129.3 2 0
go-pano/domain/delivery/http/user_handler.go:131.65,134.3 2 0
go-pano/domain/model/clinic.go:28.34,30.2 1 0
go-pano/domain/repository/predict/predict_repository.go:19.68,21.2 1 0
go-pano/domain/repository/predict/predict_repository.go:28.104,29.138 1 0
go-pano/domain/repository/predict/predict_repository.go:33.2,33.21 1 0
go-pano/domain/repository/predict/predict_repository.go:29.138,31.3 1 0
go-pano/domain/repository/predict/predict_repository.go:37.87,40.21 2 0
go-pano/domain/repository/predict/predict_repository.go:45.2,47.21 2 0
go-pano/domain/repository/predict/predict_repository.go:40.21,42.3 1 0
go-pano/domain/repository/predict/predict_repository.go:42.8,42.33 1 0
go-pano/domain/repository/predict/predict_repository.go:42.33,44.3 1 0
go-pano/domain/repository/user/user_repository.go:21.62,23.2 1 0
go-pano/domain/repository/user/user_repository.go:31.60,33.69 2 0
go-pano/domain/repository/user/user_repository.go:37.2,37.18 1 0
go-pano/domain/repository/user/user_repository.go:33.69,35.3 1 0
go-pano/domain/repository/user/user_repository.go:41.70,44.72 3 0
go-pano/domain/repository/user/user_repository.go:48.2,48.12 1 0
go-pano/domain/repository/user/user_repository.go:44.72,46.3 1 0
go-pano/domain/repository/user/user_repository.go:52.70,53.73 1 0
go-pano/domain/repository/user/user_repository.go:59.2,59.12 1 0
go-pano/domain/repository/user/user_repository.go:53.73,55.3 1 0
go-pano/domain/repository/user/user_repository.go:55.8,55.33 1 0
go-pano/domain/repository/user/user_repository.go:55.33,57.3 1 0
go-pano/domain/repository/user/user_repository.go:63.80,65.131 2 0
go-pano/domain/repository/user/user_repository.go:71.2,71.12 1 0
go-pano/domain/repository/user/user_repository.go:65.131,67.3 1 0
go-pano/domain/repository/user/user_repository.go:67.8,67.33 1 0
go-pano/domain/repository/user/user_repository.go:67.33,69.3 1 0
go-pano/domain/delivery/grpc/predict_handler.go:20.79,25.2 2 0
go-pano/domain/delivery/grpc/predict_handler.go:43.52,47.80 2 0
go-pano/domain/delivery/grpc/predict_handler.go:53.2,54.16 2 0
go-pano/domain/delivery/grpc/predict_handler.go:61.2,61.40 1 0
go-pano/domain/delivery/grpc/predict_handler.go:47.80,50.3 2 0
go-pano/domain/delivery/grpc/predict_handler.go:54.16,59.3 4 0
go-pano/domain/repository/clinic/clinic_repository.go:19.66,21.2 1 0
go-pano/domain/repository/clinic/clinic_repository.go:29.64,33.46 2 0
go-pano/domain/repository/clinic/clinic_repository.go:37.2,37.20 1 0
go-pano/domain/repository/clinic/clinic_repository.go:33.46,35.3 1 0
go-pano/domain/repository/clinic/clinic_repository.go:41.90,47.21 1 0
go-pano/domain/repository/clinic/clinic_repository.go:51.2,51.12 1 0
go-pano/domain/repository/clinic/clinic_repository.go:47.21,49.3 1 0
go-pano/domain/repository/clinic/clinic_repository.go:55.76,56.94 1 0
go-pano/domain/repository/clinic/clinic_repository.go:62.2,62.12 1 0
go-pano/domain/repository/clinic/clinic_repository.go:56.94,58.3 1 0
go-pano/domain/repository/clinic/clinic_repository.go:58.8,58.33 1 0
go-pano/domain/repository/clinic/clinic_repository.go:58.33,60.3 1 0
go-pano/domain/repository/clinic/clinic_repository.go:66.94,67.123 1 0
go-pano/domain/repository/clinic/clinic_repository.go:73.2,73.12 1 0
go-pano/domain/repository/clinic/clinic_repository.go:67.123,69.3 1 0
go-pano/domain/repository/clinic/clinic_repository.go:69.8,69.33 1 0
go-pano/domain/repository/clinic/clinic_repository.go:69.33,71.3 1 0
go-pano/domain/service/clinic/clinic_service.go:18.70,20.2 1 0
go-pano/domain/service/clinic/clinic_service.go:27.56,29.16 2 0
go-pano/domain/service/clinic/clinic_service.go:33.2,33.20 1 0
go-pano/domain/service/clinic/clinic_service.go:29.16,31.3 1 0
go-pano/domain/service/clinic/clinic_service.go:36.71,38.86 1 0
go-pano/domain/service/clinic/clinic_service.go:42.2,42.12 1 0
go-pano/domain/service/clinic/clinic_service.go:38.86,40.3 1 0
go-pano/domain/service/clinic/clinic_service.go:45.71,46.59 1 0
go-pano/domain/service/clinic/clinic_service.go:50.2,50.12 1 0
go-pano/domain/service/clinic/clinic_service.go:46.59,48.3 1 0
go-pano/domain/service/clinic/clinic_service.go:53.75,55.91 1 0
go-pano/domain/service/clinic/clinic_service.go:59.2,59.12 1 0
go-pano/domain/service/clinic/clinic_service.go:55.91,57.3 1 0
go-pano/domain/service/user/user_service.go:19.69,21.2 1 0
go-pano/domain/service/user/user_service.go:28.52,30.16 2 0
go-pano/domain/service/user/user_service.go:35.2,35.31 1 0
go-pano/domain/service/user/user_service.go:45.2,45.20 1 0
go-pano/domain/service/user/user_service.go:30.16,32.3 1 0
go-pano/domain/service/user/user_service.go:35.31,37.69 2 0
go-pano/domain/service/user/user_service.go:41.3,42.31 2 0
go-pano/domain/service/user/user_service.go:37.69,40.4 2 0
go-pano/domain/service/user/user_service.go:48.65,51.16 2 0
go-pano/domain/service/user/user_service.go:54.2,57.55 2 0
go-pano/domain/service/user/user_service.go:61.2,61.12 1 0
go-pano/domain/service/user/user_service.go:51.16,53.3 1 0
go-pano/domain/service/user/user_service.go:57.55,59.3 1 0
go-pano/domain/service/user/user_service.go:64.65,67.16 2 0
go-pano/domain/service/user/user_service.go:70.2,72.55 2 0
go-pano/domain/service/user/user_service.go:76.2,76.12 1 0
go-pano/domain/service/user/user_service.go:67.16,69.3 1 0
go-pano/domain/service/user/user_service.go:72.55,74.3 1 0
go-pano/domain/service/user/user_service.go:79.75,80.63 1 0
go-pano/domain/service/user/user_service.go:84.2,84.12 1 0
go-pano/domain/service/user/user_service.go:80.63,82.3 1 0
go-pano/domain/delivery/http/clinic_handler.go:20.76,25.2 3 16
go-pano/domain/delivery/http/clinic_handler.go:25.2,30.3 4 16
go-pano/domain/delivery/http/clinic_handler.go:47.48,49.16 2 3
go-pano/domain/delivery/http/clinic_handler.go:54.2,54.39 1 2
go-pano/domain/delivery/http/clinic_handler.go:49.16,52.3 2 1
go-pano/domain/delivery/http/clinic_handler.go:67.51,70.56 2 4
go-pano/domain/delivery/http/clinic_handler.go:76.2,76.81 1 3
go-pano/domain/delivery/http/clinic_handler.go:81.2,81.61 1 2
go-pano/domain/delivery/http/clinic_handler.go:86.2,86.48 1 1
go-pano/domain/delivery/http/clinic_handler.go:70.56,73.3 2 1
go-pano/domain/delivery/http/clinic_handler.go:76.81,79.3 2 1
go-pano/domain/delivery/http/clinic_handler.go:81.61,84.3 2 1
go-pano/domain/delivery/http/clinic_handler.go:99.51,102.56 2 5
go-pano/domain/delivery/http/clinic_handler.go:108.2,108.81 1 3
go-pano/domain/delivery/http/clinic_handler.go:113.2,113.61 1 2
go-pano/domain/delivery/http/clinic_handler.go:118.2,118.48 1 1
go-pano/domain/delivery/http/clinic_handler.go:102.56,105.3 2 2
go-pano/domain/delivery/http/clinic_handler.go:108.81,111.3 2 1
go-pano/domain/delivery/http/clinic_handler.go:113.61,116.3 2 1
go-pano/domain/delivery/http/clinic_handler.go:131.56,134.56 2 4
go-pano/domain/delivery/http/clinic_handler.go:139.2,139.66 1 2
go-pano/domain/delivery/http/clinic_handler.go:144.2,144.48 1 1
go-pano/domain/delivery/http/clinic_handler.go:134.56,137.3 2 2
go-pano/domain/delivery/http/clinic_handler.go:139.66,142.3 2 1
go-pano/domain/model/predict.go:34.35,36.2 1 0
go-pano/domain/model/user.go:38.32,40.2 1 0
go-pano/domain/service/predict/predict_service.go:27.127,29.2 1 0
go-pano/domain/service/predict/predict_service.go:48.90,51.16 2 0
go-pano/domain/service/predict/predict_service.go:55.2,56.21 2 0
go-pano/domain/service/predict/predict_service.go:60.2,65.124 2 0
go-pano/domain/service/predict/predict_service.go:75.2,81.57 4 0
go-pano/domain/service/predict/predict_service.go:87.2,87.70 1 0
go-pano/domain/service/predict/predict_service.go:92.2,93.16 2 0
go-pano/domain/service/predict/predict_service.go:97.2,104.16 6 0
go-pano/domain/service/predict/predict_service.go:108.2,108.87 1 0
go-pano/domain/service/predict/predict_service.go:112.2,112.27 1 0
go-pano/domain/service/predict/predict_service.go:51.16,53.3 1 0
go-pano/domain/service/predict/predict_service.go:56.21,58.3 1 0
go-pano/domain/service/predict/predict_service.go:65.124,67.3 1 0
go-pano/domain/service/predict/predict_service.go:67.8,67.23 1 0
go-pano/domain/service/predict/predict_service.go:67.23,69.77 2 0
go-pano/domain/service/predict/predict_service.go:72.3,72.16 1 0
go-pano/domain/service/predict/predict_service.go:69.77,71.4 1 0
go-pano/domain/service/predict/predict_service.go:81.57,83.3 1 0
go-pano/domain/service/predict/predict_service.go:87.70,89.3 1 0
go-pano/domain/service/predict/predict_service.go:93.16,95.3 1 0
go-pano/domain/service/predict/predict_service.go:104.16,106.3 1 0
go-pano/domain/service/predict/predict_service.go:108.87,110.3 1 0
go-pano/domain/service/predict/predict_service.go:116.90,120.16 2 0
go-pano/domain/service/predict/predict_service.go:124.2,130.16 5 0
go-pano/domain/service/predict/predict_service.go:134.2,134.28 1 0
go-pano/domain/service/predict/predict_service.go:138.2,142.8 1 0
go-pano/domain/service/predict/predict_service.go:120.16,122.3 1 0
go-pano/domain/service/predict/predict_service.go:130.16,132.3 1 0
go-pano/domain/service/predict/predict_service.go:134.28,136.3 1 0
go-pano/domain/delivery/http/user_handler.go:22.70,27.2 3 16
go-pano/domain/delivery/http/user_handler.go:27.2,32.3 4 16
go-pano/domain/delivery/http/user_handler.go:49.46,51.16 2 3
go-pano/domain/delivery/http/user_handler.go:56.2,56.39 1 2
go-pano/domain/delivery/http/user_handler.go:51.16,54.3 2 1
go-pano/domain/delivery/http/user_handler.go:69.49,73.54 2 4
go-pano/domain/delivery/http/user_handler.go:78.2,78.57 1 2
go-pano/domain/delivery/http/user_handler.go:83.2,83.48 1 1
go-pano/domain/delivery/http/user_handler.go:73.54,76.3 2 2
go-pano/domain/delivery/http/user_handler.go:78.57,81.3 2 1
go-pano/domain/delivery/http/user_handler.go:96.49,100.54 2 4
go-pano/domain/delivery/http/user_handler.go:105.2,105.57 1 2
go-pano/domain/delivery/http/user_handler.go:110.2,110.48 1 1
go-pano/domain/delivery/http/user_handler.go:100.54,103.3 2 2
go-pano/domain/delivery/http/user_handler.go:105.57,108.3 2 1
go-pano/domain/delivery/http/user_handler.go:123.57,126.54 2 5
go-pano/domain/delivery/http/user_handler.go:131.2,131.65 1 2
go-pano/domain/delivery/http/user_handler.go:136.2,136.48 1 1
go-pano/domain/delivery/http/user_handler.go:126.54,129.3 2 3
go-pano/domain/delivery/http/user_handler.go:131.65,134.3 2 1
